  MyForm.cpp
C:\Users\Rudka Artwm\Desktop\GROUPPROJECT\groupProject\groupProject\MyForm.h(254,23): warning C4244: 'initializing': conversion from 'double' to 'unsigned char', possible loss of data
  (compiling source file 'MyForm.cpp')
  
C:\Users\Rudka Artwm\Desktop\GROUPPROJECT\groupProject\groupProject\MyForm.h(255,25): warning C4244: 'initializing': conversion from 'double' to 'unsigned char', possible loss of data
  (compiling source file 'MyForm.cpp')
  
C:\Users\Rudka Artwm\Desktop\GROUPPROJECT\groupProject\groupProject\MyForm.h(256,24): warning C4244: 'initializing': conversion from 'double' to 'unsigned char', possible loss of data
  (compiling source file 'MyForm.cpp')
  
C:\Users\Rudka Artwm\Desktop\GROUPPROJECT\groupProject\groupProject\MyForm.h(283,23): warning C4244: 'initializing': conversion from 'double' to 'unsigned char', possible loss of data
  (compiling source file 'MyForm.cpp')
  
C:\Users\Rudka Artwm\Desktop\GROUPPROJECT\groupProject\groupProject\MyForm.h(284,24): warning C4244: 'initializing': conversion from 'double' to 'unsigned char', possible loss of data
  (compiling source file 'MyForm.cpp')
  
C:\Users\Rudka Artwm\Desktop\GROUPPROJECT\groupProject\groupProject\MyForm.h(285,25): warning C4244: 'initializing': conversion from 'double' to 'unsigned char', possible loss of data
  (compiling source file 'MyForm.cpp')
  
C:\Users\Rudka Artwm\Desktop\GROUPPROJECT\groupProject\groupProject\MyForm.h(311,23): warning C4244: 'initializing': conversion from 'double' to 'unsigned char', possible loss of data
  (compiling source file 'MyForm.cpp')
  
C:\Users\Rudka Artwm\Desktop\GROUPPROJECT\groupProject\groupProject\MyForm.h(312,24): warning C4244: 'initializing': conversion from 'double' to 'unsigned char', possible loss of data
  (compiling source file 'MyForm.cpp')
  
C:\Users\Rudka Artwm\Desktop\GROUPPROJECT\groupProject\groupProject\MyForm.h(313,25): warning C4244: 'initializing': conversion from 'double' to 'unsigned char', possible loss of data
  (compiling source file 'MyForm.cpp')
  
C:\Users\Rudka Artwm\Desktop\GROUPPROJECT\groupProject\groupProject\MyForm.h(391,23): warning C4244: 'initializing': conversion from 'double' to 'unsigned char', possible loss of data
  (compiling source file 'MyForm.cpp')
  
C:\Users\Rudka Artwm\Desktop\GROUPPROJECT\groupProject\groupProject\MyForm.h(392,25): warning C4244: 'initializing': conversion from 'double' to 'unsigned char', possible loss of data
  (compiling source file 'MyForm.cpp')
  
C:\Users\Rudka Artwm\Desktop\GROUPPROJECT\groupProject\groupProject\MyForm.h(393,24): warning C4244: 'initializing': conversion from 'double' to 'unsigned char', possible loss of data
  (compiling source file 'MyForm.cpp')
  
C:\Users\Rudka Artwm\Desktop\GROUPPROJECT\groupProject\groupProject\MyForm.h(419,23): warning C4244: 'initializing': conversion from 'double' to 'unsigned char', possible loss of data
  (compiling source file 'MyForm.cpp')
  
C:\Users\Rudka Artwm\Desktop\GROUPPROJECT\groupProject\groupProject\MyForm.h(420,25): warning C4244: 'initializing': conversion from 'double' to 'unsigned char', possible loss of data
  (compiling source file 'MyForm.cpp')
  
  .NETFramework,Version=v4.7.2.AssemblyAttributes.cpp
  Generating Code...
  MyForm.obj : MSIL module encountered; incremental linking is disabled for MSIL; performing full link
  groupProject.vcxproj -> C:\Users\Rudka Artwm\Desktop\GROUPPROJECT\groupProject\x64\Debug\groupProject.exe
